[debug] [2022-02-22T14:55:26.680Z] ----------------------------------------------------------------------
[debug] [2022-02-22T14:55:26.681Z] Command:       /usr/local/bin/node /usr/local/bin/firebase init
[debug] [2022-02-22T14:55:26.681Z] CLI Version:   10.2.1
[debug] [2022-02-22T14:55:26.681Z] Platform:      linux
[debug] [2022-02-22T14:55:26.681Z] Node Version:  v16.13.0
[debug] [2022-02-22T14:55:26.681Z] Time:          Tue Feb 22 2022 22:55:26 GMT+0800 (Taipei Standard Time)
[debug] [2022-02-22T14:55:26.682Z] ----------------------------------------------------------------------
[debug] 
[debug] [2022-02-22T14:55:26.685Z] > command requires scopes: ["email","openid","https://www.googleapis.com/auth/cloudplatformprojects.readonly","https://www.googleapis.com/auth/firebase","https://www.googleapis.com/auth/cloud-platform"]
[debug] [2022-02-22T14:55:26.685Z] > authorizing via signed-in user (yericchenyang@gmail.com)
[info] 
     ######## #### ########  ######## ########     ###     ######  ########
     ##        ##  ##     ## ##       ##     ##  ##   ##  ##       ##
     ######    ##  ########  ######   ########  #########  ######  ######
     ##        ##  ##    ##  ##       ##     ## ##     ##       ## ##
     ##       #### ##     ## ######## ########  ##     ##  ######  ########

You're about to initialize a Firebase project in this directory:

  /home/erbuntu/Documents/Amazon-clone/frontend

[info] 
=== Project Setup
[info] 
[info] First, let's associate this project directory with a Firebase project.
[info] You can create multiple project aliases by running firebase use --add, 
[info] but for now we'll just set up a default project.
[info] 
[debug] [2022-02-22T14:55:59.456Z] >>> [apiv2][query] GET https://firebase.googleapis.com/v1beta1/projects pageSize=100
[debug] [2022-02-22T14:55:59.944Z] <<< [apiv2][status] GET https://firebase.googleapis.com/v1beta1/projects 200
[debug] [2022-02-22T14:55:59.944Z] <<< [apiv2][body] GET https://firebase.googleapis.com/v1beta1/projects [omitted]
[info] i  Using project clone-af8d7 (Amazon-clone) 
[info] 
=== Hosting Setup
[info] 
[info] Your public directory is the folder (relative to your project directory) that
[info] will contain Hosting assets to be uploaded with firebase deploy. If you
[info] have a build process for your assets, use your build's output directory.
[info] 
[debug] [2022-02-22T14:56:40.989Z] >>> [apiv2][query] GET https://www.gstatic.com/firebasejs/releases.json [none]
[debug] [2022-02-22T14:56:41.031Z] <<< [apiv2][status] GET https://www.gstatic.com/firebasejs/releases.json 200
[debug] [2022-02-22T14:56:41.031Z] <<< [apiv2][body] GET https://www.gstatic.com/firebasejs/releases.json {"current":{"version":"9.6.7","browserURL":"https://www.gstatic.com/firebasejs/9.6.7/firebase.js","packageURL":"https://www.gstatic.com/firebasejs/9.6.7/firebase.tgz"},"live":{"version":"9.6","browserURL":"https://www.gstatic.com/firebasejs/live/9.6/firebase.js","packageURL":"https://www.gstatic.com/firebasejs/live/9.6/firebase.tgz"},"components":{"analytics":"https://www.gstatic.com/firebasejs/9.6.7/firebase-analytics.js","app":"https://www.gstatic.com/firebasejs/9.6.7/firebase-app.js","app-check":"https://www.gstatic.com/firebasejs/9.6.7/firebase-app-check.js","auth":"https://www.gstatic.com/firebasejs/9.6.7/firebase-auth.js","auth/cordova":"https://www.gstatic.com/firebasejs/9.6.7/firebase-auth/cordova.js","auth/react-native":"https://www.gstatic.com/firebasejs/9.6.7/firebase-auth/react-native.js","functions":"https://www.gstatic.com/firebasejs/9.6.7/firebase-functions.js","firestore":"https://www.gstatic.com/firebasejs/9.6.7/firebase-firestore.js","firestore/lite":"https://www.gstatic.com/firebasejs/9.6.7/firebase-firestore/lite.js","storage":"https://www.gstatic.com/firebasejs/9.6.7/firebase-storage.js","performance":"https://www.gstatic.com/firebasejs/9.6.7/firebase-performance.js","remote-config":"https://www.gstatic.com/firebasejs/9.6.7/firebase-remote-config.js","messaging":"https://www.gstatic.com/firebasejs/9.6.7/firebase-messaging.js","messaging/sw":"https://www.gstatic.com/firebasejs/9.6.7/firebase-messaging/sw.js","database":"https://www.gstatic.com/firebasejs/9.6.7/firebase-database.js","firestore.memory":"https://www.gstatic.com/firebasejs/9.6.7/firebase-firestore.memory.js"}}
[info] ✔  Wrote build/index.html 
[info] 
[info] i  Detected a .git folder at /home/erbuntu/Documents/Amazon-clone/frontend 
[info] i  Authorizing with GitHub to upload your service account to a GitHub repository's secrets store. 
[info] 
[info] Visit this URL on this device to log in:
[info] https://github.com/login/oauth/authorize?client_id=89cf50f02ac6aaed3484&state=757913956&redirect_uri=http%3A%2F%2Flocalhost%3A9005&scope=read%3Auser%20repo%20public_repo
[info] 
[info] Waiting for authentication...
[debug] [2022-02-22T14:57:12.773Z] >>> HTTP REQUEST POST https://github.com/login/oauth/access_token  
 {"client_id":"89cf50f02ac6aaed3484","client_secret":"3330d14abc895d9a74d5f17cd7a00711fa2c5bf0","code":"ad47e67bdbc03fceac99","redirect_uri":"http://localhost:9005","state":"757913956"}
[debug] [2022-02-22T14:57:13.156Z] <<< HTTP RESPONSE 200 {"server":"GitHub.com","date":"Tue, 22 Feb 2022 14:57:13 GMT","content-type":"application/json; charset=utf-8","transfer-encoding":"chunked","vary":"X-PJAX, X-PJAX-Container, Accept-Encoding, Accept, X-Requested-With","permissions-policy":"interest-cohort=()","etag":"W/\"c364e9937629b8e9327f5ea68b9d3d13\"","cache-control":"max-age=0, private, must-revalidate","strict-transport-security":"max-age=31536000; includeSubdomains; preload","x-frame-options":"deny","x-content-type-options":"nosniff","x-xss-protection":"0","referrer-policy":"origin-when-cross-origin, strict-origin-when-cross-origin","expect-ct":"max-age=2592000, report-uri=\"https://api.github.com/_private/browser/errors\"","content-security-policy":"default-src 'none'; base-uri 'self'; block-all-mixed-content; child-src github.com/assets-cdn/worker/ gist.github.com/assets-cdn/worker/; connect-src 'self' uploads.github.com objects-origin.githubusercontent.com www.githubstatus.com collector.githubapp.com collector.github.com api.github.com github-cloud.s3.amazonaws.com github-production-repository-file-5c1aeb.s3.amazonaws.com github-production-upload-manifest-file-7fdce7.s3.amazonaws.com github-production-user-asset-6210df.s3.amazonaws.com cdn.optimizely.com logx.optimizely.com/v1/events translator.github.com wss://alive.github.com; font-src github.githubassets.com; form-action 'self' github.com gist.github.com objects-origin.githubusercontent.com; frame-ancestors 'none'; frame-src render.githubusercontent.com viewscreen.githubusercontent.com notebooks.githubusercontent.com; img-src 'self' data: github.githubassets.com identicons.github.com collector.githubapp.com collector.github.com github-cloud.s3.amazonaws.com secured-user-images.githubusercontent.com/ *.githubusercontent.com; manifest-src 'self'; media-src github.com user-images.githubusercontent.com/; script-src github.githubassets.com; style-src 'unsafe-inline' github.githubassets.com; worker-src github.com/assets-cdn/worker/ gist.github.com/assets-cdn/worker/","x-github-request-id":"AD7A:2364:4378:121C0:6214F9C8"}
[debug] [2022-02-22T14:57:13.162Z] >>> [apiv2][query] GET https://api.github.com/user [none]
[debug] [2022-02-22T14:57:13.533Z] <<< [apiv2][status] GET https://api.github.com/user 200
[debug] [2022-02-22T14:57:13.534Z] <<< [apiv2][body] GET https://api.github.com/user {"login":"ericyangchen","id":59969918,"node_id":"MDQ6VXNlcjU5OTY5OTE4","avatar_url":"https://avatars.githubusercontent.com/u/59969918?v=4","gravatar_id":"","url":"https://api.github.com/users/ericyangchen","html_url":"https://github.com/ericyangchen","followers_url":"https://api.github.com/users/ericyangchen/followers","following_url":"https://api.github.com/users/ericyangchen/following{/other_user}","gists_url":"https://api.github.com/users/ericyangchen/gists{/gist_id}","starred_url":"https://api.github.com/users/ericyangchen/starred{/owner}{/repo}","subscriptions_url":"https://api.github.com/users/ericyangchen/subscriptions","organizations_url":"https://api.github.com/users/ericyangchen/orgs","repos_url":"https://api.github.com/users/ericyangchen/repos","events_url":"https://api.github.com/users/ericyangchen/events{/privacy}","received_events_url":"https://api.github.com/users/ericyangchen/received_events","type":"User","site_admin":false,"name":"Eric","company":null,"blog":"","location":null,"email":null,"hireable":null,"bio":null,"twitter_username":null,"public_repos":4,"public_gists":0,"followers":0,"following":1,"created_at":"2020-01-16T15:57:21Z","updated_at":"2022-02-18T08:01:55Z","private_gists":0,"total_private_repos":4,"owned_private_repos":3,"disk_usage":37500,"collaborators":2,"two_factor_authentication":false,"plan":{"name":"pro","space":976562499,"collaborators":0,"private_repos":9999}}
[info] 
[info] ✔  Success! Logged into GitHub as ericyangchen 
[info] 
[debug] [2022-02-22T14:57:37.522Z] >>> [apiv2][query] GET https://api.github.com/repos/ericyangchen/Amazon-clone/actions/secrets/public-key type=owner
[debug] [2022-02-22T14:57:37.850Z] <<< [apiv2][status] GET https://api.github.com/repos/ericyangchen/Amazon-clone/actions/secrets/public-key 404
[debug] [2022-02-22T14:57:37.851Z] <<< [apiv2][body] GET https://api.github.com/repos/ericyangchen/Amazon-clone/actions/secrets/public-key {"message":"Not Found","documentation_url":"https://docs.github.com/rest/reference/actions#get-a-repository-public-key"}
[debug] [2022-02-22T14:57:40.664Z] >>> [apiv2][query] GET https://api.github.com/repos/ericyangchen/Amazon-clone/actions/secrets/public-key type=owner
[debug] [2022-02-22T14:57:40.997Z] <<< [apiv2][status] GET https://api.github.com/repos/ericyangchen/Amazon-clone/actions/secrets/public-key 404
[debug] [2022-02-22T14:57:40.998Z] <<< [apiv2][body] GET https://api.github.com/repos/ericyangchen/Amazon-clone/actions/secrets/public-key {"message":"Not Found","documentation_url":"https://docs.github.com/rest/reference/actions#get-a-repository-public-key"}
